<?xml version="1.0" encoding="UTF-8"?>
<testsuite name="org.webservice.SvenscaveApplicationTests" tests="1" skipped="0" failures="0" errors="0" timestamp="2016-07-10T21:59:53" hostname="Sven-Viking" time="0.002">
  <properties/>
  <testcase name="contextLoads" classname="org.webservice.SvenscaveApplicationTests" time="0.002"/>
  <system-out><![CDATA[17:59:49.459 [Test worker] DEBUG org.springframework.test.context.junit4.SpringJUnit4ClassRunner - SpringJUnit4ClassRunner constructor called with [class org.webservice.SvenscaveApplicationTests]
17:59:49.464 [Test worker] DEBUG org.springframework.test.context.BootstrapUtils - Instantiating CacheAwareContextLoaderDelegate from class [org.springframework.test.context.cache.DefaultCacheAwareContextLoaderDelegate]
17:59:49.469 [Test worker] DEBUG org.springframework.test.context.BootstrapUtils - Instantiating BootstrapContext using constructor [public org.springframework.test.context.support.DefaultBootstrapContext(java.lang.Class,org.springframework.test.context.CacheAwareContextLoaderDelegate)]
17:59:49.480 [Test worker] DEBUG org.springframework.test.context.BootstrapUtils - Instantiating TestContextBootstrapper for test class [org.webservice.SvenscaveApplicationTests] from class [org.springframework.test.context.web.WebTestContextBootstrapper]
17:59:49.500 [Test worker] DEBUG org.springframework.test.context.web.WebTestContextBootstrapper - Found explicit ContextLoader class [org.springframework.boot.test.SpringApplicationContextLoader] for context configuration attributes [ContextConfigurationAttributes@1771cc23 declaringClass = 'org.webservice.SvenscaveApplicationTests', classes = '{class org.webservice.SvenscaveApplication}', locations = '{}', inheritLocations = true, initializers = '{}', inheritInitializers = true, name = [null], contextLoaderClass = 'org.springframework.boot.test.SpringApplicationContextLoader']
17:59:49.509 [Test worker] DEBUG org.springframework.test.context.support.AbstractContextLoader - Did not detect default resource location for test class [org.webservice.SvenscaveApplicationTests]: class path resource [org/webservice/SvenscaveApplicationTests-context.xml] does not exist
17:59:49.509 [Test worker] DEBUG org.springframework.test.context.support.AbstractContextLoader - Did not detect default resource location for test class [org.webservice.SvenscaveApplicationTests]: class path resource [org/webservice/SvenscaveApplicationTestsContext.groovy] does not exist
17:59:49.509 [Test worker] INFO org.springframework.test.context.support.AbstractContextLoader - Could not detect default resource locations for test class [org.webservice.SvenscaveApplicationTests]: no resource found for suffixes {-context.xml, Context.groovy}.
17:59:49.511 [Test worker] DEBUG org.springframework.test.context.support.ActiveProfilesUtils - Could not find an 'annotation declaring class' for annotation type [org.springframework.test.context.ActiveProfiles] and class [org.webservice.SvenscaveApplicationTests]
17:59:49.514 [Test worker] DEBUG org.springframework.test.context.web.WebTestContextBootstrapper - @TestExecutionListeners is not present for class [org.webservice.SvenscaveApplicationTests]: using defaults.
17:59:49.522 [Test worker] INFO org.springframework.test.context.web.WebTestContextBootstrapper - Loaded default TestExecutionListener class names from location [META-INF/spring.factories]: [org.springframework.test.context.web.ServletTestExecutionListener, org.springframework.test.context.support.DirtiesContextBeforeModesTestExecutionListener, org.springframework.test.context.support.DependencyInjectionTestExecutionListener, org.springframework.test.context.support.DirtiesContextTestExecutionListener, org.springframework.test.context.transaction.TransactionalTestExecutionListener, org.springframework.test.context.jdbc.SqlScriptsTestExecutionListener]
17:59:49.526 [Test worker] INFO org.springframework.test.context.web.WebTestContextBootstrapper - Could not instantiate TestExecutionListener [org.springframework.test.context.jdbc.SqlScriptsTestExecutionListener]. Specify custom listener classes or make the default listener classes (and their required dependencies) available. Offending class: [org/springframework/transaction/interceptor/TransactionAttribute]
17:59:49.527 [Test worker] INFO org.springframework.test.context.web.WebTestContextBootstrapper - Could not instantiate TestExecutionListener [org.springframework.test.context.transaction.TransactionalTestExecutionListener]. Specify custom listener classes or make the default listener classes (and their required dependencies) available. Offending class: [org/springframework/transaction/interceptor/TransactionAttributeSource]
17:59:49.533 [Test worker] INFO org.springframework.test.context.web.WebTestContextBootstrapper - Using TestExecutionListeners: [org.springframework.test.context.web.ServletTestExecutionListener@336862df, org.springframework.test.context.support.DirtiesContextBeforeModesTestExecutionListener@7615f02b, org.springframework.test.context.support.DependencyInjectionTestExecutionListener@5d438737, org.springframework.test.context.support.DirtiesContextTestExecutionListener@33170f29]
17:59:49.536 [Test worker] DEBUG org.springframework.test.annotation.ProfileValueUtils - Retrieved @ProfileValueSourceConfiguration [null] for test class [org.webservice.SvenscaveApplicationTests]
17:59:49.537 [Test worker] DEBUG org.springframework.test.annotation.ProfileValueUtils - Retrieved ProfileValueSource type [class org.springframework.test.annotation.SystemProfileValueSource] for class [org.webservice.SvenscaveApplicationTests]
17:59:49.537 [Test worker] DEBUG org.springframework.test.annotation.ProfileValueUtils - Retrieved @ProfileValueSourceConfiguration [null] for test class [org.webservice.SvenscaveApplicationTests]
17:59:49.538 [Test worker] DEBUG org.springframework.test.annotation.ProfileValueUtils - Retrieved ProfileValueSource type [class org.springframework.test.annotation.SystemProfileValueSource] for class [org.webservice.SvenscaveApplicationTests]
17:59:49.541 [Test worker] DEBUG org.springframework.test.context.support.AbstractDirtiesContextTestExecutionListener - Before test class: context [DefaultTestContext@307ead2b testClass = SvenscaveApplicationTests, testInstance = [null], testMethod = [null], testException = [null], mergedContextConfiguration = [WebMergedContextConfiguration@1a6e746 testClass = SvenscaveApplicationTests, locations = '{}', classes = '{class org.webservice.SvenscaveApplication}', contextInitializerClasses = '[]', activeProfiles = '{}', propertySourceLocations = '{}', propertySourceProperties = '{}', resourceBasePath = 'src/main/webapp', contextLoader = 'org.springframework.boot.test.SpringApplicationContextLoader', parent = [null]]], class annotated with @DirtiesContext [false] with mode [null].
17:59:49.543 [Test worker] DEBUG org.springframework.test.annotation.ProfileValueUtils - Retrieved @ProfileValueSourceConfiguration [null] for test class [org.webservice.SvenscaveApplicationTests]
17:59:49.543 [Test worker] DEBUG org.springframework.test.annotation.ProfileValueUtils - Retrieved ProfileValueSource type [class org.springframework.test.annotation.SystemProfileValueSource] for class [org.webservice.SvenscaveApplicationTests]
17:59:49.607 [Test worker] DEBUG org.springframework.core.env.StandardEnvironment - Adding [systemProperties] PropertySource with lowest search precedence
17:59:49.607 [Test worker] DEBUG org.springframework.core.env.StandardEnvironment - Adding [systemEnvironment] PropertySource with lowest search precedence
17:59:49.608 [Test worker] DEBUG org.springframework.core.env.StandardEnvironment - Initialized StandardEnvironment with PropertySources [systemProperties,systemEnvironment]
17:59:49.609 [Test worker] DEBUG org.springframework.core.env.StandardEnvironment - Adding [integrationTest] PropertySource with search precedence immediately lower than [systemEnvironment]

  .   ____          _            __ _ _
 /\\ / ___'_ __ _ _(_)_ __  __ _ \ \ \ \
( ( )\___ | '_ | '_| | '_ \/ _` | \ \ \ \
 \\/  ___)| |_)| | | | | || (_| |  ) ) ) )
  '  |____| .__|_| |_|_| |_\__, | / / / /
 =========|_|==============|___/=/_/_/_/
 :: Spring Boot ::        (v1.3.6.RELEASE)

2016-07-10 17:59:49.854  INFO 20284 --- [    Test worker] o.webservice.SvenscaveApplicationTests   : Starting SvenscaveApplicationTests on Sven-Viking with PID 20284 (C:\Users\Sven\Documents\githubprojects\svenscave\build\classes\test started by Sven in C:\Users\Sven\Documents\githubprojects\svenscave)
2016-07-10 17:59:49.855  INFO 20284 --- [    Test worker] o.webservice.SvenscaveApplicationTests   : No active profile set, falling back to default profiles: default
2016-07-10 17:59:50.083  INFO 20284 --- [    Test worker] o.s.w.c.s.GenericWebApplicationContext   : Refreshing org.springframework.web.context.support.GenericWebApplicationContext@49e2da14: startup date [Sun Jul 10 17:59:50 EDT 2016]; root of context hierarchy
2016-07-10 17:59:52.159  INFO 20284 --- [    Test worker] o.s.s.web.DefaultSecurityFilterChain     : Creating filter chain: OrRequestMatcher [requestMatchers=[Ant [pattern='/css/**'], Ant [pattern='/js/**'], Ant [pattern='/images/**'], Ant [pattern='/**/favicon.ico'], Ant [pattern='/error']]], []
2016-07-10 17:59:52.246  INFO 20284 --- [    Test worker] o.s.s.web.DefaultSecurityFilterChain     : Creating filter chain: org.springframework.security.web.util.matcher.AnyRequestMatcher@1, [org.springframework.security.web.context.request.async.WebAsyncManagerIntegrationFilter@4da3b2b5, org.springframework.security.web.context.SecurityContextPersistenceFilter@292269e3, org.springframework.security.web.header.HeaderWriterFilter@2420fe02, org.springframework.security.web.csrf.CsrfFilter@49809ab6, org.springframework.security.web.authentication.logout.LogoutFilter@18db021d, org.springframework.security.web.authentication.UsernamePasswordAuthenticationFilter@6a5580d4, org.springframework.security.web.savedrequest.RequestCacheAwareFilter@2c8c7d39, org.springframework.security.web.servletapi.SecurityContextHolderAwareRequestFilter@2256fcd9, org.springframework.security.web.authentication.AnonymousAuthenticationFilter@72b477ce, org.springframework.security.web.session.SessionManagementFilter@6334253f, org.springframework.security.web.access.ExceptionTranslationFilter@1af70159, org.springframework.security.web.access.intercept.FilterSecurityInterceptor@2a85a88f]
2016-07-10 17:59:52.258  INFO 20284 --- [    Test worker] o.s.s.web.DefaultSecurityFilterChain     : Creating filter chain: org.springframework.boot.actuate.autoconfigure.ManagementWebSecurityAutoConfiguration$LazyEndpointPathRequestMatcher@7efedb63, [org.springframework.security.web.context.request.async.WebAsyncManagerIntegrationFilter@734f96e6, org.springframework.security.web.context.SecurityContextPersistenceFilter@1f25fc76, org.springframework.security.web.header.HeaderWriterFilter@7004d46, org.springframework.security.web.authentication.logout.LogoutFilter@709dbfb6, org.springframework.security.web.authentication.www.BasicAuthenticationFilter@7f316837, org.springframework.security.web.savedrequest.RequestCacheAwareFilter@1c220668, org.springframework.security.web.servletapi.SecurityContextHolderAwareRequestFilter@194d12d7, org.springframework.security.web.authentication.AnonymousAuthenticationFilter@74b3868, org.springframework.security.web.session.SessionManagementFilter@52476fdf, org.springframework.security.web.access.ExceptionTranslationFilter@652cc507, org.springframework.security.web.access.intercept.FilterSecurityInterceptor@634dce34]
2016-07-10 17:59:52.459  INFO 20284 --- [    Test worker] s.w.s.m.m.a.RequestMappingHandlerAdapter : Looking for @ControllerAdvice: org.springframework.web.context.support.GenericWebApplicationContext@49e2da14: startup date [Sun Jul 10 17:59:50 EDT 2016]; root of context hierarchy
2016-07-10 17:59:52.513  INFO 20284 --- [    Test worker] s.w.s.m.m.a.RequestMappingHandlerMapping : Mapped "{[/error]}" onto public org.springframework.http.ResponseEntity<java.util.Map<java.lang.String, java.lang.Object>> org.springframework.boot.autoconfigure.web.BasicErrorController.error(javax.servlet.http.HttpServletRequest)
2016-07-10 17:59:52.514  INFO 20284 --- [    Test worker] s.w.s.m.m.a.RequestMappingHandlerMapping : Mapped "{[/error],produces=[text/html]}" onto public org.springframework.web.servlet.ModelAndView org.springframework.boot.autoconfigure.web.BasicErrorController.errorHtml(javax.servlet.http.HttpServletRequest,javax.servlet.http.HttpServletResponse)
2016-07-10 17:59:52.530  INFO 20284 --- [    Test worker] o.s.w.s.handler.SimpleUrlHandlerMapping  : Mapped URL path [/home] onto handler of type [class org.springframework.web.servlet.mvc.ParameterizableViewController]
2016-07-10 17:59:52.530  INFO 20284 --- [    Test worker] o.s.w.s.handler.SimpleUrlHandlerMapping  : Root mapping to handler of type [class org.springframework.web.servlet.mvc.ParameterizableViewController]
2016-07-10 17:59:52.530  INFO 20284 --- [    Test worker] o.s.w.s.handler.SimpleUrlHandlerMapping  : Mapped URL path [/hello] onto handler of type [class org.springframework.web.servlet.mvc.ParameterizableViewController]
2016-07-10 17:59:52.530  INFO 20284 --- [    Test worker] o.s.w.s.handler.SimpleUrlHandlerMapping  : Mapped URL path [/login] onto handler of type [class org.springframework.web.servlet.mvc.ParameterizableViewController]
2016-07-10 17:59:52.545  INFO 20284 --- [    Test worker] o.s.w.s.handler.SimpleUrlHandlerMapping  : Mapped URL path [/webjars/**] onto handler of type [class org.springframework.web.servlet.resource.ResourceHttpRequestHandler]
2016-07-10 17:59:52.545  INFO 20284 --- [    Test worker] o.s.w.s.handler.SimpleUrlHandlerMapping  : Mapped URL path [/**] onto handler of type [class org.springframework.web.servlet.resource.ResourceHttpRequestHandler]
2016-07-10 17:59:52.585  INFO 20284 --- [    Test worker] o.s.w.s.handler.SimpleUrlHandlerMapping  : Mapped URL path [/**/favicon.ico] onto handler of type [class org.springframework.web.servlet.resource.ResourceHttpRequestHandler]
2016-07-10 17:59:53.275  INFO 20284 --- [    Test worker] o.s.b.a.e.mvc.EndpointHandlerMapping     : Mapped "{[/trace || /trace.json],methods=[GET],produces=[application/json]}" onto public java.lang.Object org.springframework.boot.actuate.endpoint.mvc.EndpointMvcAdapter.invoke()
2016-07-10 17:59:53.276  INFO 20284 --- [    Test worker] o.s.b.a.e.mvc.EndpointHandlerMapping     : Mapped "{[/health || /health.json],produces=[application/json]}" onto public java.lang.Object org.springframework.boot.actuate.endpoint.mvc.HealthMvcEndpoint.invoke(java.security.Principal)
2016-07-10 17:59:53.277  INFO 20284 --- [    Test worker] o.s.b.a.e.mvc.EndpointHandlerMapping     : Mapped "{[/autoconfig || /autoconfig.json],methods=[GET],produces=[application/json]}" onto public java.lang.Object org.springframework.boot.actuate.endpoint.mvc.EndpointMvcAdapter.invoke()
2016-07-10 17:59:53.277  INFO 20284 --- [    Test worker] o.s.b.a.e.mvc.EndpointHandlerMapping     : Mapped "{[/configprops || /configprops.json],methods=[GET],produces=[application/json]}" onto public java.lang.Object org.springframework.boot.actuate.endpoint.mvc.EndpointMvcAdapter.invoke()
2016-07-10 17:59:53.278  INFO 20284 --- [    Test worker] o.s.b.a.e.mvc.EndpointHandlerMapping     : Mapped "{[/metrics/{name:.*}],methods=[GET],produces=[application/json]}" onto public java.lang.Object org.springframework.boot.actuate.endpoint.mvc.MetricsMvcEndpoint.value(java.lang.String)
2016-07-10 17:59:53.278  INFO 20284 --- [    Test worker] o.s.b.a.e.mvc.EndpointHandlerMapping     : Mapped "{[/metrics || /metrics.json],methods=[GET],produces=[application/json]}" onto public java.lang.Object org.springframework.boot.actuate.endpoint.mvc.EndpointMvcAdapter.invoke()
2016-07-10 17:59:53.280  INFO 20284 --- [    Test worker] o.s.b.a.e.mvc.EndpointHandlerMapping     : Mapped "{[/mappings || /mappings.json],methods=[GET],produces=[application/json]}" onto public java.lang.Object org.springframework.boot.actuate.endpoint.mvc.EndpointMvcAdapter.invoke()
2016-07-10 17:59:53.281  INFO 20284 --- [    Test worker] o.s.b.a.e.mvc.EndpointHandlerMapping     : Mapped "{[/dump || /dump.json],methods=[GET],produces=[application/json]}" onto public java.lang.Object org.springframework.boot.actuate.endpoint.mvc.EndpointMvcAdapter.invoke()
2016-07-10 17:59:53.281  INFO 20284 --- [    Test worker] o.s.b.a.e.mvc.EndpointHandlerMapping     : Mapped "{[/beans || /beans.json],methods=[GET],produces=[application/json]}" onto public java.lang.Object org.springframework.boot.actuate.endpoint.mvc.EndpointMvcAdapter.invoke()
2016-07-10 17:59:53.282  INFO 20284 --- [    Test worker] o.s.b.a.e.mvc.EndpointHandlerMapping     : Mapped "{[/env/{name:.*}],methods=[GET],produces=[application/json]}" onto public java.lang.Object org.springframework.boot.actuate.endpoint.mvc.EnvironmentMvcEndpoint.value(java.lang.String)
2016-07-10 17:59:53.283  INFO 20284 --- [    Test worker] o.s.b.a.e.mvc.EndpointHandlerMapping     : Mapped "{[/env || /env.json],methods=[GET],produces=[application/json]}" onto public java.lang.Object org.springframework.boot.actuate.endpoint.mvc.EndpointMvcAdapter.invoke()
2016-07-10 17:59:53.284  INFO 20284 --- [    Test worker] o.s.b.a.e.mvc.EndpointHandlerMapping     : Mapped "{[/info || /info.json],methods=[GET],produces=[application/json]}" onto public java.lang.Object org.springframework.boot.actuate.endpoint.mvc.EndpointMvcAdapter.invoke()
2016-07-10 17:59:53.564  INFO 20284 --- [    Test worker] o.webservice.SvenscaveApplicationTests   : Started SvenscaveApplicationTests in 3.947 seconds (JVM running for 4.596)
]]></system-out>
  <system-err><![CDATA[]]></system-err>
</testsuite>
